# JRE version: Java(TM) SE Runtime Environment (22.0.2+9) (build 22.0.2+9-70)
# Java VM: Java HotSpot(TM) 64-Bit Server VM (22.0.2+9-70, mixed mode, sharing, tiered, compressed oops, compressed class ptrs, g1 gc, windows-amd64)
GC Precious Log:
 CardTable entry size: 512
 Card Set container configuration: InlinePtr #cards 4 size 8 Array Of Cards #cards 16 size 48 Howl #buckets 8 coarsen threshold 3686 Howl Bitmap #cards 512 size 80 coarsen threshold 460 Card regions per heap region 1 cards per card region 4096
 CPUs: 12 total, 12 available
 Memory: 15697M
 Large Page Support: Disabled
 NUMA Support: Disabled
 Compressed Oops: Enabled (Zero based)
 Heap Region Size: 2M
 Heap Min Capacity: 8M
 Heap Initial Capacity: 246M
 Heap Max Capacity: 3926M
 Pre-touch: Disabled
 Parallel Workers: 10
 Concurrent Workers: 3
 Concurrent Refinement Workers: 10
 Periodic GC: Disabled
Heap:
 garbage-first heap   total reserved 4020224K, committed 116736K, used 97599K [0x000000070aa00000, 0x0000000800000000)
  region size 2048K, 31 young (63488K), 1 survivors (2048K)
 Metaspace       used 81282K, committed 82112K, reserved 1179648K
  class space    used 11138K, committed 11520K, reserved 1048576K
GC Heap History (20 events):
Event: 8.105 GC heap before
{Heap before GC invocations=10 (full 0):
 garbage-first heap   total reserved 4020224K, committed 155648K, used 94684K [0x000000070aa00000, 0x0000000800000000)
  region size 2048K, 38 young (77824K), 2 survivors (4096K)
 Metaspace       used 59634K, committed 60288K, reserved 1114112K
  class space    used 8262K, committed 8576K, reserved 1048576K
}
Event: 8.122 GC heap after
{Heap after GC invocations=11 (full 0):
 garbage-first heap   total reserved 4020224K, committed 155648K, used 26653K [0x000000070aa00000, 0x0000000800000000)
  region size 2048K, 4 young (8192K), 4 survivors (8192K)
 Metaspace       used 59634K, committed 60288K, reserved 1114112K
  class space    used 8262K, committed 8576K, reserved 1048576K
}
Event: 9.169 GC heap before
{Heap before GC invocations=11 (full 0):
 garbage-first heap   total reserved 4020224K, committed 155648K, used 30749K [0x000000070aa00000, 0x0000000800000000)
  region size 2048K, 7 young (14336K), 4 survivors (8192K)
 Metaspace       used 59962K, committed 60608K, reserved 1114112K
  class space    used 8291K, committed 8576K, reserved 1048576K
}
Event: 9.173 GC heap after
{Heap after GC invocations=12 (full 0):
 garbage-first heap   total reserved 4020224K, committed 155648K, used 27039K [0x000000070aa00000, 0x0000000800000000)
  region size 2048K, 3 young (6144K), 3 survivors (6144K)
 Metaspace       used 59962K, committed 60608K, reserved 1114112K
  class space    used 8291K, committed 8576K, reserved 1048576K
}
Event: 10.162 GC heap before
{Heap before GC invocations=13 (full 0):
 garbage-first heap   total reserved 4020224K, committed 96256K, used 78239K [0x000000070aa00000, 0x0000000800000000)
  region size 2048K, 28 young (57344K), 3 survivors (6144K)
 Metaspace       used 65983K, committed 66624K, reserved 1114112K
  class space    used 9277K, committed 9536K, reserved 1048576K
}
Event: 10.168 GC heap after
{Heap after GC invocations=14 (full 0):
 garbage-first heap   total reserved 4020224K, committed 96256K, used 30830K [0x000000070aa00000, 0x0000000800000000)
  region size 2048K, 4 young (8192K), 4 survivors (8192K)
 Metaspace       used 65983K, committed 66624K, reserved 1114112K
  class space    used 9277K, committed 9536K, reserved 1048576K
}
Event: 10.672 GC heap before
{Heap before GC invocations=14 (full 0):
 garbage-first heap   total reserved 4020224K, committed 96256K, used 79982K [0x000000070aa00000, 0x0000000800000000)
  region size 2048K, 28 young (57344K), 4 survivors (8192K)
 Metaspace       used 69856K, committed 70592K, reserved 1114112K
  class space    used 9952K, committed 10240K, reserved 1048576K
}
Event: 10.678 GC heap after
{Heap after GC invocations=15 (full 0):
 garbage-first heap   total reserved 4020224K, committed 96256K, used 33173K [0x000000070aa00000, 0x0000000800000000)
  region size 2048K, 4 young (8192K), 4 survivors (8192K)
 Metaspace       used 69856K, committed 70592K, reserved 1114112K
  class space    used 9952K, committed 10240K, reserved 1048576K
}
Event: 41.423 GC heap before
{Heap before GC invocations=15 (full 0):
 garbage-first heap   total reserved 4020224K, committed 96256K, used 78229K [0x000000070aa00000, 0x0000000800000000)
  region size 2048K, 27 young (55296K), 4 survivors (8192K)
 Metaspace       used 76963K, committed 77824K, reserved 1179648K
  class space    used 10960K, committed 11328K, reserved 1048576K
}
Event: 41.429 GC heap after
{Heap after GC invocations=16 (full 0):
 garbage-first heap   total reserved 4020224K, committed 96256K, used 36769K [0x000000070aa00000, 0x0000000800000000)
  region size 2048K, 3 young (6144K), 3 survivors (6144K)
 Metaspace       used 76963K, committed 77824K, reserved 1179648K
  class space    used 10960K, committed 11328K, reserved 1048576K
}
Event: 344.153 GC heap before
{Heap before GC invocations=16 (full 0):
 garbage-first heap   total reserved 4020224K, committed 96256K, used 83873K [0x000000070aa00000, 0x0000000800000000)
  region size 2048K, 26 young (53248K), 3 survivors (6144K)
 Metaspace       used 79354K, committed 80256K, reserved 1179648K
  class space    used 11119K, committed 11520K, reserved 1048576K
}
Event: 344.157 GC heap after
{Heap after GC invocations=17 (full 0):
 garbage-first heap   total reserved 4020224K, committed 96256K, used 37887K [0x000000070aa00000, 0x0000000800000000)
  region size 2048K, 3 young (6144K), 3 survivors (6144K)
 Metaspace       used 79354K, committed 80256K, reserved 1179648K
  class space    used 11119K, committed 11520K, reserved 1048576K
}
Event: 622.527 GC heap before
{Heap before GC invocations=18 (full 0):
 garbage-first heap   total reserved 4020224K, committed 96256K, used 80895K [0x000000070aa00000, 0x0000000800000000)
  region size 2048K, 24 young (49152K), 3 survivors (6144K)
 Metaspace       used 80193K, committed 81088K, reserved 1179648K
  class space    used 11132K, committed 11520K, reserved 1048576K
}
Event: 622.530 GC heap after
{Heap after GC invocations=19 (full 0):
 garbage-first heap   total reserved 4020224K, committed 116736K, used 38368K [0x000000070aa00000, 0x0000000800000000)
  region size 2048K, 1 young (2048K), 1 survivors (2048K)
 Metaspace       used 80193K, committed 81088K, reserved 1179648K
  class space    used 11132K, committed 11520K, reserved 1048576K
}
Event: 1156.918 GC heap before
{Heap before GC invocations=19 (full 0):
 garbage-first heap   total reserved 4020224K, committed 116736K, used 105952K [0x000000070aa00000, 0x0000000800000000)
  region size 2048K, 34 young (69632K), 1 survivors (2048K)
 Metaspace       used 80724K, committed 81600K, reserved 1179648K
  class space    used 11142K, committed 11520K, reserved 1048576K
}
Event: 1156.921 GC heap after
{Heap after GC invocations=20 (full 0):
 garbage-first heap   total reserved 4020224K, committed 116736K, used 37708K [0x000000070aa00000, 0x0000000800000000)
  region size 2048K, 1 young (2048K), 1 survivors (2048K)
 Metaspace       used 80724K, committed 81600K, reserved 1179648K
  class space    used 11142K, committed 11520K, reserved 1048576K
}
Event: 1637.570 GC heap before
{Heap before GC invocations=20 (full 0):
 garbage-first heap   total reserved 4020224K, committed 116736K, used 105292K [0x000000070aa00000, 0x0000000800000000)
  region size 2048K, 34 young (69632K), 1 survivors (2048K)
 Metaspace       used 80990K, committed 81856K, reserved 1179648K
  class space    used 11144K, committed 11520K, reserved 1048576K
}
Event: 1637.573 GC heap after
{Heap after GC invocations=21 (full 0):
 garbage-first heap   total reserved 4020224K, committed 116736K, used 37697K [0x000000070aa00000, 0x0000000800000000)
  region size 2048K, 1 young (2048K), 1 survivors (2048K)
 Metaspace       used 80990K, committed 81856K, reserved 1179648K
  class space    used 11144K, committed 11520K, reserved 1048576K
}
Event: 2233.955 GC heap before
{Heap before GC invocations=22 (full 0):
 garbage-first heap   total reserved 4020224K, committed 116736K, used 105281K [0x000000070aa00000, 0x0000000800000000)
  region size 2048K, 34 young (69632K), 1 survivors (2048K)
 Metaspace       used 81072K, committed 81984K, reserved 1179648K
  class space    used 11138K, committed 11520K, reserved 1048576K
}
Event: 2233.957 GC heap after
{Heap after GC invocations=23 (full 0):
 garbage-first heap   total reserved 4020224K, committed 116736K, used 38207K [0x000000070aa00000, 0x0000000800000000)
  region size 2048K, 1 young (2048K), 1 survivors (2048K)
 Metaspace       used 81072K, committed 81984K, reserved 1179648K
  class space    used 11138K, committed 11520K, reserved 1048576K
}

